This is pdfTeX, Version 3.1415926-2.4-1.40.13 (TeX Live 2012/Debian) (format=pdflatex 2016.2.5)  19 MAR 2016 12:55
entering extended mode
 restricted \write18 enabled.
 %&-line parsing enabled.
**vbb
(./vbb.tex
LaTeX2e <2011/06/27>
Babel <v3.8m> and hyphenation patterns for english, dumylang, nohyphenation, ng
erman, german, swissgerman, ngerman-x-2012-05-30, german-x-2012-05-30, loaded.
(./cernrep.cls
Document Class: cernrep 1995/02/14 cernrep class
(/usr/share/texlive/texmf-dist/tex/latex/base/article.cls
Document Class: article 2007/10/19 v1.4h Standard LaTeX document class
(/usr/share/texlive/texmf-dist/tex/latex/base/size11.clo
File: size11.clo 2007/10/19 v1.4h Standard LaTeX file (size option)
)
\c@part=\count79
\c@section=\count80
\c@subsection=\count81
\c@subsubsection=\count82
\c@paragraph=\count83
\c@subparagraph=\count84
\c@figure=\count85
\c@table=\count86
\abovecaptionskip=\skip41
\belowcaptionskip=\skip42
\bibindent=\dimen102
)
(/usr/share/texlive/texmf-dist/tex/latex/ntgclass/a4.sty
Package: a4 2004/04/15 v1.2g A4 based page layout
)
(/usr/share/texlive/texmf-dist/tex/latex/psnfss/times.sty
Package: times 2005/04/12 PSNFSS-v9.2a (SPQR) 
)
Document Style `cernrep' 1.0 2 June 1997
) (/usr/share/texlive/texmf-dist/tex/latex/graphics/graphicx.sty
Package: graphicx 1999/02/16 v1.0f Enhanced LaTeX Graphics (DPC,SPQR)

(/usr/share/texlive/texmf-dist/tex/latex/graphics/keyval.sty
Package: keyval 1999/03/16 v1.13 key=value parser (DPC)
\KV@toks@=\toks14
)
(/usr/share/texlive/texmf-dist/tex/latex/graphics/graphics.sty
Package: graphics 2009/02/05 v1.0o Standard LaTeX Graphics (DPC,SPQR)

(/usr/share/texlive/texmf-dist/tex/latex/graphics/trig.sty
Package: trig 1999/03/16 v1.09 sin cos tan (DPC)
)
(/usr/share/texlive/texmf-dist/tex/latex/latexconfig/graphics.cfg
File: graphics.cfg 2010/04/23 v1.9 graphics configuration of TeX Live
)
Package graphics Info: Driver file: pdftex.def on input line 91.

(/usr/share/texlive/texmf-dist/tex/latex/pdftex-def/pdftex.def
File: pdftex.def 2011/05/27 v0.06d Graphics/color for pdfTeX

(/usr/share/texlive/texmf-dist/tex/generic/oberdiek/infwarerr.sty
Package: infwarerr 2010/04/08 v1.3 Providing info/warning/error messages (HO)
)
(/usr/share/texlive/texmf-dist/tex/generic/oberdiek/ltxcmds.sty
Package: ltxcmds 2011/11/09 v1.22 LaTeX kernel commands for general use (HO)
)
\Gread@gobject=\count87
))
\Gin@req@height=\dimen103
\Gin@req@width=\dimen104
)
(/usr/share/texlive/texmf-dist/tex/latex/graphics/epsfig.sty
Package: epsfig 1999/02/16 v1.7a (e)psfig emulation (SPQR)
\epsfxsize=\dimen105
\epsfysize=\dimen106
)
(/usr/share/texlive/texmf-dist/tex/latex/tools/xspace.sty
Package: xspace 2009/10/20 v1.13 Space after command names (DPC,MH)
)
(/usr/share/texlive/texmf-dist/tex/latex/graphics/color.sty
Package: color 2005/11/14 v1.0j Standard LaTeX Color (DPC)

(/usr/share/texlive/texmf-dist/tex/latex/latexconfig/color.cfg
File: color.cfg 2007/01/18 v1.5 color configuration of teTeX/TeXLive
)
Package color Info: Driver file: pdftex.def on input line 130.
)
(/usr/share/texlive/texmf-dist/tex/latex/morefloats/morefloats.sty
Package: morefloats 2012/01/28 v1.0f Raise limit of unprocessed floats (HMM; DH
)

(/usr/share/texlive/texmf-dist/tex/latex/oberdiek/kvoptions.sty
Package: kvoptions 2011/06/30 v3.11 Key value format for package options (HO)

(/usr/share/texlive/texmf-dist/tex/generic/oberdiek/kvsetkeys.sty
Package: kvsetkeys 2012/04/25 v1.16 Key value parser (HO)

(/usr/share/texlive/texmf-dist/tex/generic/oberdiek/etexcmds.sty
Package: etexcmds 2011/02/16 v1.5 Avoid name clashes with e-TeX commands (HO)

(/usr/share/texlive/texmf-dist/tex/generic/oberdiek/ifluatex.sty
Package: ifluatex 2010/03/01 v1.3 Provides the ifluatex switch (HO)
Package ifluatex Info: LuaTeX not detected.
)
Package etexcmds Info: Could not find \expanded.
(etexcmds)             That can mean that you are not using pdfTeX 1.50 or
(etexcmds)             that some package has redefined \expanded.
(etexcmds)             In the latter case, load this package earlier.
)))
Package morefloats Info: Maximum number of possible floats asked for: 36.
(morefloats)             LaTeX might run out of memory before this
(morefloats)             (in which case it will notify you).
(morefloats)              on input line 171.
\bx@S=\insert233
\bx@T=\insert232
\bx@U=\insert231
\bx@V=\insert230
\bx@W=\insert229
\bx@X=\insert228
\bx@Y=\insert227
\bx@Z=\insert226
\bx@AA=\insert225
\bx@AB=\insert224
\bx@AC=\insert223
\bx@AD=\insert222
\bx@AE=\insert221
\bx@AF=\insert220
\bx@AG=\insert219
\bx@AH=\insert218
\bx@AI=\insert217
\bx@AJ=\insert216
)
(./vbb.aux)
\openout1 = `vbb.aux'.

LaTeX Font Info:    Checking defaults for OML/cmm/m/it on input line 39.
LaTeX Font Info:    ... okay on input line 39.
LaTeX Font Info:    Checking defaults for T1/cmr/m/n on input line 39.
LaTeX Font Info:    ... okay on input line 39.
LaTeX Font Info:    Checking defaults for OT1/cmr/m/n on input line 39.
LaTeX Font Info:    ... okay on input line 39.
LaTeX Font Info:    Checking defaults for OMS/cmsy/m/n on input line 39.
LaTeX Font Info:    ... okay on input line 39.
LaTeX Font Info:    Checking defaults for OMX/cmex/m/n on input line 39.
LaTeX Font Info:    ... okay on input line 39.
LaTeX Font Info:    Checking defaults for U/cmr/m/n on input line 39.
LaTeX Font Info:    ... okay on input line 39.
LaTeX Font Info:    Try loading font information for OT1+ptm on input line 39.
 (/usr/share/texlive/texmf-dist/tex/latex/psnfss/ot1ptm.fd
File: ot1ptm.fd 2001/06/04 font definitions for OT1/ptm.
)
(/usr/share/texlive/texmf-dist/tex/context/base/supp-pdf.mkii
[Loading MPS to PDF converter (version 2006.09.02).]
\scratchcounter=\count88
\scratchdimen=\dimen107
\scratchbox=\box26
\nofMPsegments=\count89
\nofMParguments=\count90
\everyMPshowfont=\toks15
\MPscratchCnt=\count91
\MPscratchDim=\dimen108
\MPnumerator=\count92
\makeMPintoPDFobject=\count93
\everyMPtoPDFconversion=\toks16
) (/usr/share/texlive/texmf-dist/tex/generic/oberdiek/pdftexcmds.sty
Package: pdftexcmds 2011/11/29 v0.20 Utility functions of pdfTeX for LuaTeX (HO
)

(/usr/share/texlive/texmf-dist/tex/generic/oberdiek/ifpdf.sty
Package: ifpdf 2011/01/30 v2.3 Provides the ifpdf switch (HO)
Package ifpdf Info: pdfTeX in PDF mode is detected.
)
Package pdftexcmds Info: LuaTeX not detected.
Package pdftexcmds Info: \pdf@primitive is available.
Package pdftexcmds Info: \pdf@ifprimitive is available.
Package pdftexcmds Info: \pdfdraftmode found.
)
(/usr/share/texlive/texmf-dist/tex/latex/oberdiek/epstopdf-base.sty
Package: epstopdf-base 2010/02/09 v2.5 Base part for package epstopdf

(/usr/share/texlive/texmf-dist/tex/latex/oberdiek/grfext.sty
Package: grfext 2010/08/19 v1.1 Manage graphics extensions (HO)

(/usr/share/texlive/texmf-dist/tex/generic/oberdiek/kvdefinekeys.sty
Package: kvdefinekeys 2011/04/07 v1.3 Define keys (HO)
))
Package grfext Info: Graphics extension search list:
(grfext)             [.png,.pdf,.jpg,.mps,.jpeg,.jbig2,.jb2,.PNG,.PDF,.JPG,.JPE
G,.JBIG2,.JB2,.eps]
(grfext)             \AppendGraphicsExtensions on input line 452.

(/usr/share/texlive/texmf-dist/tex/latex/latexconfig/epstopdf-sys.cfg
File: epstopdf-sys.cfg 2010/07/13 v1.3 Configuration of (r)epstopdf for TeX Liv
e
))
LaTeX Font Info:    Font shape `OT1/ptm/bx/n' in size <10.95> not available
(Font)              Font shape `OT1/ptm/b/n' tried instead on input line 45.
LaTeX Font Info:    External font `cmex10' loaded for size
(Font)              <10.95> on input line 45.
LaTeX Font Info:    External font `cmex10' loaded for size
(Font)              <8> on input line 45.
LaTeX Font Info:    External font `cmex10' loaded for size
(Font)              <6> on input line 45.
LaTeX Font Info:    External font `cmex10' loaded for size
(Font)              <9> on input line 45.
LaTeX Font Info:    External font `cmex10' loaded for size
(Font)              <5> on input line 45.
LaTeX Font Info:    Try loading font information for OMS+ptm on input line 98.

(/usr/share/texlive/texmf-dist/tex/latex/psnfss/omsptm.fd
File: omsptm.fd 
)
LaTeX Font Info:    Font shape `OMS/ptm/m/n' in size <10.95> not available
(Font)              Font shape `OMS/cmsy/m/n' tried instead on input line 98.
 [1

{/var/lib/texmf/fonts/map/pdftex/updmap/pdftex.map}] [2] [3]
LaTeX Font Info:    Try loading font information for OT1+pcr on input line 339.


(/usr/share/texlive/texmf-dist/tex/latex/psnfss/ot1pcr.fd
File: ot1pcr.fd 2001/06/04 font definitions for OT1/pcr.
) [4]
<figs/zbb/sherpa/d03-x01-y01.pdf, id=29, 337.16966pt x 304.4474pt>
File: figs/zbb/sherpa/d03-x01-y01.pdf Graphic file (type pdf)

<use figs/zbb/sherpa/d03-x01-y01.pdf>
Package pdftex.def Info: figs/zbb/sherpa/d03-x01-y01.pdf used on input line 422
.
(pdftex.def)             Requested size: 219.15768pt x 197.88846pt.

<figs/zbb/sherpa/d23-x01-y01.pdf, id=30, 337.16966pt x 304.4474pt>
File: figs/zbb/sherpa/d23-x01-y01.pdf Graphic file (type pdf)

<use figs/zbb/sherpa/d23-x01-y01.pdf>
Package pdftex.def Info: figs/zbb/sherpa/d23-x01-y01.pdf used on input line 423
.
(pdftex.def)             Requested size: 219.15768pt x 197.88846pt.

<figs/zbb/sherpa/d15-x01-y01.pdf, id=31, 337.16966pt x 304.4474pt>
File: figs/zbb/sherpa/d15-x01-y01.pdf Graphic file (type pdf)

<use figs/zbb/sherpa/d15-x01-y01.pdf>
Package pdftex.def Info: figs/zbb/sherpa/d15-x01-y01.pdf used on input line 424
.
(pdftex.def)             Requested size: 219.15768pt x 197.88846pt.

<figs/zbb/sherpa/d25-x01-y01.pdf, id=32, 337.16966pt x 304.4474pt>
File: figs/zbb/sherpa/d25-x01-y01.pdf Graphic file (type pdf)

<use figs/zbb/sherpa/d25-x01-y01.pdf>
Package pdftex.def Info: figs/zbb/sherpa/d25-x01-y01.pdf used on input line 425
.
(pdftex.def)             Requested size: 219.15768pt x 197.88846pt.

<figs/zbb/sherpa/d01-x01-y01.pdf, id=33, 337.16966pt x 304.4474pt>
File: figs/zbb/sherpa/d01-x01-y01.pdf Graphic file (type pdf)

<use figs/zbb/sherpa/d01-x01-y01.pdf>
Package pdftex.def Info: figs/zbb/sherpa/d01-x01-y01.pdf used on input line 431
.
(pdftex.def)             Requested size: 219.15768pt x 197.88846pt.

<figs/zbb/sherpa/d02-x01-y01.pdf, id=34, 337.16966pt x 304.4474pt>
File: figs/zbb/sherpa/d02-x01-y01.pdf Graphic file (type pdf)

<use figs/zbb/sherpa/d02-x01-y01.pdf>
Package pdftex.def Info: figs/zbb/sherpa/d02-x01-y01.pdf used on input line 432
.
(pdftex.def)             Requested size: 219.15768pt x 197.88846pt.

<figs/zbb/sherpa/d03-x01-y01_rescaled.pdf, id=35, 337.16966pt x 304.4474pt>
File: figs/zbb/sherpa/d03-x01-y01_rescaled.pdf Graphic file (type pdf)

<use figs/zbb/sherpa/d03-x01-y01_rescaled.pdf>
Package pdftex.def Info: figs/zbb/sherpa/d03-x01-y01_rescaled.pdf used on input
 line 438.
(pdftex.def)             Requested size: 219.15768pt x 197.88846pt.

<figs/zbb/sherpa/d05-x01-y01_rescaled.pdf, id=36, 337.16966pt x 304.4474pt>
File: figs/zbb/sherpa/d05-x01-y01_rescaled.pdf Graphic file (type pdf)

<use figs/zbb/sherpa/d05-x01-y01_rescaled.pdf>
Package pdftex.def Info: figs/zbb/sherpa/d05-x01-y01_rescaled.pdf used on input
 line 439.
(pdftex.def)             Requested size: 219.15768pt x 197.88846pt.

<figs/zbb/sherpa/d07-x01-y01_rescaled.pdf, id=37, 337.16966pt x 304.4474pt>
File: figs/zbb/sherpa/d07-x01-y01_rescaled.pdf Graphic file (type pdf)

<use figs/zbb/sherpa/d07-x01-y01_rescaled.pdf>
Package pdftex.def Info: figs/zbb/sherpa/d07-x01-y01_rescaled.pdf used on input
 line 440.
(pdftex.def)             Requested size: 219.15768pt x 197.88846pt.

<figs/zbb/sherpa/d11-x01-y01_rescaled.pdf, id=38, 337.16966pt x 304.4474pt>
File: figs/zbb/sherpa/d11-x01-y01_rescaled.pdf Graphic file (type pdf)

<use figs/zbb/sherpa/d11-x01-y01_rescaled.pdf>
Package pdftex.def Info: figs/zbb/sherpa/d11-x01-y01_rescaled.pdf used on input
 line 441.
(pdftex.def)             Requested size: 219.15768pt x 197.88846pt.

<figs/zbb/sherpa/d13-x01-y01_rescaled.pdf, id=39, 337.16966pt x 304.4474pt>
File: figs/zbb/sherpa/d13-x01-y01_rescaled.pdf Graphic file (type pdf)

<use figs/zbb/sherpa/d13-x01-y01_rescaled.pdf>
Package pdftex.def Info: figs/zbb/sherpa/d13-x01-y01_rescaled.pdf used on input
 line 442.
(pdftex.def)             Requested size: 219.15768pt x 197.88846pt.

<figs/zbb/herwigzbb/atlas-d03-x01-y01.pdf, id=40, 337.16966pt x 304.4474pt>
File: figs/zbb/herwigzbb/atlas-d03-x01-y01.pdf Graphic file (type pdf)

<use figs/zbb/herwigzbb/atlas-d03-x01-y01.pdf>
Package pdftex.def Info: figs/zbb/herwigzbb/atlas-d03-x01-y01.pdf used on input
 line 466.
(pdftex.def)             Requested size: 219.15768pt x 197.88846pt.

<figs/zbb/herwigzbb/atlas-d23-x01-y01.pdf, id=41, 337.16966pt x 304.4474pt>
File: figs/zbb/herwigzbb/atlas-d23-x01-y01.pdf Graphic file (type pdf)

<use figs/zbb/herwigzbb/atlas-d23-x01-y01.pdf>
Package pdftex.def Info: figs/zbb/herwigzbb/atlas-d23-x01-y01.pdf used on input
 line 467.
(pdftex.def)             Requested size: 219.15768pt x 197.88846pt.

<figs/zbb/herwigzbb/atlas-d15-x01-y01.pdf, id=42, 337.16966pt x 304.4474pt>
File: figs/zbb/herwigzbb/atlas-d15-x01-y01.pdf Graphic file (type pdf)

<use figs/zbb/herwigzbb/atlas-d15-x01-y01.pdf>
Package pdftex.def Info: figs/zbb/herwigzbb/atlas-d15-x01-y01.pdf used on input
 line 468.
(pdftex.def)             Requested size: 219.15768pt x 197.88846pt.

<figs/zbb/herwigzbb/atlas-d25-x01-y01.pdf, id=43, 337.16966pt x 304.4474pt>
File: figs/zbb/herwigzbb/atlas-d25-x01-y01.pdf Graphic file (type pdf)

<use figs/zbb/herwigzbb/atlas-d25-x01-y01.pdf>
Package pdftex.def Info: figs/zbb/herwigzbb/atlas-d25-x01-y01.pdf used on input
 line 469.
(pdftex.def)             Requested size: 219.15768pt x 197.88846pt.

<figs/zbb/herwigzbb/cms-d01-x01-y01.pdf, id=44, 337.16966pt x 304.4474pt>
File: figs/zbb/herwigzbb/cms-d01-x01-y01.pdf Graphic file (type pdf)

<use figs/zbb/herwigzbb/cms-d01-x01-y01.pdf>
Package pdftex.def Info: figs/zbb/herwigzbb/cms-d01-x01-y01.pdf used on input l
ine 475.
(pdftex.def)             Requested size: 219.15768pt x 197.88846pt.

<figs/zbb/herwigzbb/cms-d02-x01-y01.pdf, id=45, 337.16966pt x 304.4474pt>
File: figs/zbb/herwigzbb/cms-d02-x01-y01.pdf Graphic file (type pdf)

<use figs/zbb/herwigzbb/cms-d02-x01-y01.pdf>
Package pdftex.def Info: figs/zbb/herwigzbb/cms-d02-x01-y01.pdf used on input l
ine 476.
(pdftex.def)             Requested size: 219.15768pt x 197.88846pt.
File: figs/zbb/herwigzbb/atlas-d03-x01-y01.pdf Graphic file (type pdf)

<use figs/zbb/herwigzbb/atlas-d03-x01-y01.pdf>
Package pdftex.def Info: figs/zbb/herwigzbb/atlas-d03-x01-y01.pdf used on input
 line 483.
(pdftex.def)             Requested size: 219.15768pt x 197.88846pt.

<figs/zbb/herwigzbb/atlas-d05-x01-y01.pdf, id=46, 337.16966pt x 304.4474pt>
File: figs/zbb/herwigzbb/atlas-d05-x01-y01.pdf Graphic file (type pdf)

<use figs/zbb/herwigzbb/atlas-d05-x01-y01.pdf>
Package pdftex.def Info: figs/zbb/herwigzbb/atlas-d05-x01-y01.pdf used on input
 line 484.
(pdftex.def)             Requested size: 219.15768pt x 197.88846pt.

<figs/zbb/herwigzbb/atlas-d07-x01-y01.pdf, id=47, 337.16966pt x 304.4474pt>
File: figs/zbb/herwigzbb/atlas-d07-x01-y01.pdf Graphic file (type pdf)

<use figs/zbb/herwigzbb/atlas-d07-x01-y01.pdf>
Package pdftex.def Info: figs/zbb/herwigzbb/atlas-d07-x01-y01.pdf used on input
 line 485.
(pdftex.def)             Requested size: 219.15768pt x 197.88846pt.

<figs/zbb/herwigzbb/atlas-d11-x01-y01.pdf, id=48, 337.16966pt x 304.4474pt>
File: figs/zbb/herwigzbb/atlas-d11-x01-y01.pdf Graphic file (type pdf)

<use figs/zbb/herwigzbb/atlas-d11-x01-y01.pdf>
Package pdftex.def Info: figs/zbb/herwigzbb/atlas-d11-x01-y01.pdf used on input
 line 486.
(pdftex.def)             Requested size: 219.15768pt x 197.88846pt.

<figs/zbb/herwigzbb/atlas-d13-x01-y01.pdf, id=49, 337.16966pt x 304.4474pt>
File: figs/zbb/herwigzbb/atlas-d13-x01-y01.pdf Graphic file (type pdf)

<use figs/zbb/herwigzbb/atlas-d13-x01-y01.pdf>
Package pdftex.def Info: figs/zbb/herwigzbb/atlas-d13-x01-y01.pdf used on input
 line 487.
(pdftex.def)             Requested size: 219.15768pt x 197.88846pt.

<figs/zbb/herwigzbb/cms-d03-x01-y01.pdf, id=50, 337.16966pt x 304.4474pt>
File: figs/zbb/herwigzbb/cms-d03-x01-y01.pdf Graphic file (type pdf)

<use figs/zbb/herwigzbb/cms-d03-x01-y01.pdf>
Package pdftex.def Info: figs/zbb/herwigzbb/cms-d03-x01-y01.pdf used on input l
ine 495.
(pdftex.def)             Requested size: 219.15768pt x 197.88846pt.

<figs/zbb/herwigzbb/cms-d04-x01-y01.pdf, id=51, 337.16966pt x 304.4474pt>
File: figs/zbb/herwigzbb/cms-d04-x01-y01.pdf Graphic file (type pdf)

<use figs/zbb/herwigzbb/cms-d04-x01-y01.pdf>
Package pdftex.def Info: figs/zbb/herwigzbb/cms-d04-x01-y01.pdf used on input l
ine 496.
(pdftex.def)             Requested size: 219.15768pt x 197.88846pt.

<figs/zbb/herwigzbb/cms-d09-x01-y01.pdf, id=52, 337.16966pt x 304.4474pt>
File: figs/zbb/herwigzbb/cms-d09-x01-y01.pdf Graphic file (type pdf)

<use figs/zbb/herwigzbb/cms-d09-x01-y01.pdf>
Package pdftex.def Info: figs/zbb/herwigzbb/cms-d09-x01-y01.pdf used on input l
ine 497.
(pdftex.def)             Requested size: 219.15768pt x 197.88846pt.

Underfull \hbox (badness 10000) in paragraph at lines 495--498
[][] []
 []

<figs/zbb/herwigzb/atlas-d03-x01-y01.pdf, id=53, 337.16966pt x 304.4474pt>
File: figs/zbb/herwigzb/atlas-d03-x01-y01.pdf Graphic file (type pdf)

<use figs/zbb/herwigzb/atlas-d03-x01-y01.pdf>
Package pdftex.def Info: figs/zbb/herwigzb/atlas-d03-x01-y01.pdf used on input 
line 504.
(pdftex.def)             Requested size: 219.15768pt x 197.88846pt.

<figs/zbb/herwigzb/atlas-d23-x01-y01.pdf, id=54, 337.16966pt x 304.4474pt>
File: figs/zbb/herwigzb/atlas-d23-x01-y01.pdf Graphic file (type pdf)

<use figs/zbb/herwigzb/atlas-d23-x01-y01.pdf>
Package pdftex.def Info: figs/zbb/herwigzb/atlas-d23-x01-y01.pdf used on input 
line 505.
(pdftex.def)             Requested size: 219.15768pt x 197.88846pt.

<figs/zbb/herwigzb/atlas-d15-x01-y01.pdf, id=55, 337.16966pt x 304.4474pt>
File: figs/zbb/herwigzb/atlas-d15-x01-y01.pdf Graphic file (type pdf)

<use figs/zbb/herwigzb/atlas-d15-x01-y01.pdf>
Package pdftex.def Info: figs/zbb/herwigzb/atlas-d15-x01-y01.pdf used on input 
line 506.
(pdftex.def)             Requested size: 219.15768pt x 197.88846pt.

<figs/zbb/herwigzb/atlas-d25-x01-y01.pdf, id=56, 337.16966pt x 304.4474pt>
File: figs/zbb/herwigzb/atlas-d25-x01-y01.pdf Graphic file (type pdf)

<use figs/zbb/herwigzb/atlas-d25-x01-y01.pdf>
Package pdftex.def Info: figs/zbb/herwigzb/atlas-d25-x01-y01.pdf used on input 
line 507.
(pdftex.def)             Requested size: 219.15768pt x 197.88846pt.

<figs/zbb/herwigzb/cms-d01-x01-y01.pdf, id=57, 337.16966pt x 304.4474pt>
File: figs/zbb/herwigzb/cms-d01-x01-y01.pdf Graphic file (type pdf)

<use figs/zbb/herwigzb/cms-d01-x01-y01.pdf>
Package pdftex.def Info: figs/zbb/herwigzb/cms-d01-x01-y01.pdf used on input li
ne 513.
(pdftex.def)             Requested size: 219.15768pt x 197.88846pt.

<figs/zbb/herwigzb/cms-d02-x01-y01.pdf, id=58, 337.16966pt x 304.4474pt>
File: figs/zbb/herwigzb/cms-d02-x01-y01.pdf Graphic file (type pdf)

<use figs/zbb/herwigzb/cms-d02-x01-y01.pdf>
Package pdftex.def Info: figs/zbb/herwigzb/cms-d02-x01-y01.pdf used on input li
ne 514.
(pdftex.def)             Requested size: 219.15768pt x 197.88846pt.
File: figs/zbb/herwigzb/atlas-d03-x01-y01.pdf Graphic file (type pdf)

<use figs/zbb/herwigzb/atlas-d03-x01-y01.pdf>
Package pdftex.def Info: figs/zbb/herwigzb/atlas-d03-x01-y01.pdf used on input 
line 521.
(pdftex.def)             Requested size: 219.15768pt x 197.88846pt.

<figs/zbb/herwigzb/atlas-d05-x01-y01.pdf, id=59, 337.16966pt x 304.4474pt>
File: figs/zbb/herwigzb/atlas-d05-x01-y01.pdf Graphic file (type pdf)

<use figs/zbb/herwigzb/atlas-d05-x01-y01.pdf>
Package pdftex.def Info: figs/zbb/herwigzb/atlas-d05-x01-y01.pdf used on input 
line 522.
(pdftex.def)             Requested size: 219.15768pt x 197.88846pt.

<figs/zbb/herwigzb/atlas-d07-x01-y01.pdf, id=60, 337.16966pt x 304.4474pt>
File: figs/zbb/herwigzb/atlas-d07-x01-y01.pdf Graphic file (type pdf)

<use figs/zbb/herwigzb/atlas-d07-x01-y01.pdf>
Package pdftex.def Info: figs/zbb/herwigzb/atlas-d07-x01-y01.pdf used on input 
line 523.
(pdftex.def)             Requested size: 219.15768pt x 197.88846pt.

<figs/zbb/herwigzb/atlas-d11-x01-y01.pdf, id=61, 337.16966pt x 304.4474pt>
File: figs/zbb/herwigzb/atlas-d11-x01-y01.pdf Graphic file (type pdf)

<use figs/zbb/herwigzb/atlas-d11-x01-y01.pdf>
Package pdftex.def Info: figs/zbb/herwigzb/atlas-d11-x01-y01.pdf used on input 
line 524.
(pdftex.def)             Requested size: 219.15768pt x 197.88846pt.

<figs/zbb/herwigzb/atlas-d13-x01-y01.pdf, id=62, 337.16966pt x 304.4474pt>
File: figs/zbb/herwigzb/atlas-d13-x01-y01.pdf Graphic file (type pdf)

<use figs/zbb/herwigzb/atlas-d13-x01-y01.pdf>
Package pdftex.def Info: figs/zbb/herwigzb/atlas-d13-x01-y01.pdf used on input 
line 525.
(pdftex.def)             Requested size: 219.15768pt x 197.88846pt.

<figs/zbb/herwigzb/cms-d03-x01-y01.pdf, id=63, 337.16966pt x 304.4474pt>
File: figs/zbb/herwigzb/cms-d03-x01-y01.pdf Graphic file (type pdf)

<use figs/zbb/herwigzb/cms-d03-x01-y01.pdf>
Package pdftex.def Info: figs/zbb/herwigzb/cms-d03-x01-y01.pdf used on input li
ne 533.
(pdftex.def)             Requested size: 219.15768pt x 197.88846pt.

<figs/zbb/herwigzb/cms-d04-x01-y01.pdf, id=64, 337.16966pt x 304.4474pt>
File: figs/zbb/herwigzb/cms-d04-x01-y01.pdf Graphic file (type pdf)

<use figs/zbb/herwigzb/cms-d04-x01-y01.pdf>
Package pdftex.def Info: figs/zbb/herwigzb/cms-d04-x01-y01.pdf used on input li
ne 534.
(pdftex.def)             Requested size: 219.15768pt x 197.88846pt.

<figs/zbb/herwigzb/cms-d09-x01-y01.pdf, id=65, 337.16966pt x 304.4474pt>
File: figs/zbb/herwigzb/cms-d09-x01-y01.pdf Graphic file (type pdf)

<use figs/zbb/herwigzb/cms-d09-x01-y01.pdf>
Package pdftex.def Info: figs/zbb/herwigzb/cms-d09-x01-y01.pdf used on input li
ne 535.
(pdftex.def)             Requested size: 219.15768pt x 197.88846pt.

Underfull \hbox (badness 10000) in paragraph at lines 533--536
[][] []
 []

<figs/zbb/herwig4F/atlas-d03-x01-y01.pdf, id=66, 337.16966pt x 304.4474pt>
File: figs/zbb/herwig4F/atlas-d03-x01-y01.pdf Graphic file (type pdf)

<use figs/zbb/herwig4F/atlas-d03-x01-y01.pdf>
Package pdftex.def Info: figs/zbb/herwig4F/atlas-d03-x01-y01.pdf used on input 
line 542.
(pdftex.def)             Requested size: 219.15768pt x 197.88846pt.

<figs/zbb/herwig4F/atlas-d23-x01-y01.pdf, id=67, 337.16966pt x 304.4474pt>
File: figs/zbb/herwig4F/atlas-d23-x01-y01.pdf Graphic file (type pdf)

<use figs/zbb/herwig4F/atlas-d23-x01-y01.pdf>
Package pdftex.def Info: figs/zbb/herwig4F/atlas-d23-x01-y01.pdf used on input 
line 543.
(pdftex.def)             Requested size: 219.15768pt x 197.88846pt.

<figs/zbb/herwig4F/atlas-d15-x01-y01.pdf, id=68, 337.16966pt x 304.4474pt>
File: figs/zbb/herwig4F/atlas-d15-x01-y01.pdf Graphic file (type pdf)

<use figs/zbb/herwig4F/atlas-d15-x01-y01.pdf>
Package pdftex.def Info: figs/zbb/herwig4F/atlas-d15-x01-y01.pdf used on input 
line 544.
(pdftex.def)             Requested size: 219.15768pt x 197.88846pt.

<figs/zbb/herwig4F/atlas-d25-x01-y01.pdf, id=69, 337.16966pt x 304.4474pt>
File: figs/zbb/herwig4F/atlas-d25-x01-y01.pdf Graphic file (type pdf)

<use figs/zbb/herwig4F/atlas-d25-x01-y01.pdf>
Package pdftex.def Info: figs/zbb/herwig4F/atlas-d25-x01-y01.pdf used on input 
line 545.
(pdftex.def)             Requested size: 219.15768pt x 197.88846pt.

<figs/zbb/herwig4F/cms-d01-x01-y01.pdf, id=70, 337.16966pt x 304.4474pt>
File: figs/zbb/herwig4F/cms-d01-x01-y01.pdf Graphic file (type pdf)

<use figs/zbb/herwig4F/cms-d01-x01-y01.pdf>
Package pdftex.def Info: figs/zbb/herwig4F/cms-d01-x01-y01.pdf used on input li
ne 551.
(pdftex.def)             Requested size: 219.15768pt x 197.88846pt.

<figs/zbb/herwig4F/cms-d02-x01-y01.pdf, id=71, 337.16966pt x 304.4474pt>
File: figs/zbb/herwig4F/cms-d02-x01-y01.pdf Graphic file (type pdf)

<use figs/zbb/herwig4F/cms-d02-x01-y01.pdf>
Package pdftex.def Info: figs/zbb/herwig4F/cms-d02-x01-y01.pdf used on input li
ne 552.
(pdftex.def)             Requested size: 219.15768pt x 197.88846pt.
File: figs/zbb/herwig4F/atlas-d03-x01-y01.pdf Graphic file (type pdf)

<use figs/zbb/herwig4F/atlas-d03-x01-y01.pdf>
Package pdftex.def Info: figs/zbb/herwig4F/atlas-d03-x01-y01.pdf used on input 
line 559.
(pdftex.def)             Requested size: 219.15768pt x 197.88846pt.

<figs/zbb/herwig4F/atlas-d05-x01-y01.pdf, id=72, 337.16966pt x 304.4474pt>
File: figs/zbb/herwig4F/atlas-d05-x01-y01.pdf Graphic file (type pdf)

<use figs/zbb/herwig4F/atlas-d05-x01-y01.pdf>
Package pdftex.def Info: figs/zbb/herwig4F/atlas-d05-x01-y01.pdf used on input 
line 560.
(pdftex.def)             Requested size: 219.15768pt x 197.88846pt.

<figs/zbb/herwig4F/atlas-d07-x01-y01.pdf, id=73, 337.16966pt x 304.4474pt>
File: figs/zbb/herwig4F/atlas-d07-x01-y01.pdf Graphic file (type pdf)

<use figs/zbb/herwig4F/atlas-d07-x01-y01.pdf>
Package pdftex.def Info: figs/zbb/herwig4F/atlas-d07-x01-y01.pdf used on input 
line 561.
(pdftex.def)             Requested size: 219.15768pt x 197.88846pt.

<figs/zbb/herwig4F/atlas-d11-x01-y01.pdf, id=74, 337.16966pt x 304.4474pt>
File: figs/zbb/herwig4F/atlas-d11-x01-y01.pdf Graphic file (type pdf)

<use figs/zbb/herwig4F/atlas-d11-x01-y01.pdf>
Package pdftex.def Info: figs/zbb/herwig4F/atlas-d11-x01-y01.pdf used on input 
line 562.
(pdftex.def)             Requested size: 219.15768pt x 197.88846pt.

<figs/zbb/herwig4F/atlas-d13-x01-y01.pdf, id=75, 337.16966pt x 304.4474pt>
File: figs/zbb/herwig4F/atlas-d13-x01-y01.pdf Graphic file (type pdf)

<use figs/zbb/herwig4F/atlas-d13-x01-y01.pdf>
Package pdftex.def Info: figs/zbb/herwig4F/atlas-d13-x01-y01.pdf used on input 
line 563.
(pdftex.def)             Requested size: 219.15768pt x 197.88846pt.

<figs/zbb/herwig4F/cms-d03-x01-y01.pdf, id=76, 337.16966pt x 304.4474pt>
File: figs/zbb/herwig4F/cms-d03-x01-y01.pdf Graphic file (type pdf)

<use figs/zbb/herwig4F/cms-d03-x01-y01.pdf>
Package pdftex.def Info: figs/zbb/herwig4F/cms-d03-x01-y01.pdf used on input li
ne 571.
(pdftex.def)             Requested size: 219.15768pt x 197.88846pt.

<figs/zbb/herwig4F/cms-d04-x01-y01.pdf, id=77, 337.16966pt x 304.4474pt>
File: figs/zbb/herwig4F/cms-d04-x01-y01.pdf Graphic file (type pdf)

<use figs/zbb/herwig4F/cms-d04-x01-y01.pdf>
Package pdftex.def Info: figs/zbb/herwig4F/cms-d04-x01-y01.pdf used on input li
ne 572.
(pdftex.def)             Requested size: 219.15768pt x 197.88846pt.

<figs/zbb/herwig4F/cms-d09-x01-y01.pdf, id=78, 337.16966pt x 304.4474pt>
File: figs/zbb/herwig4F/cms-d09-x01-y01.pdf Graphic file (type pdf)

<use figs/zbb/herwig4F/cms-d09-x01-y01.pdf>
Package pdftex.def Info: figs/zbb/herwig4F/cms-d09-x01-y01.pdf used on input li
ne 573.
(pdftex.def)             Requested size: 219.15768pt x 197.88846pt.

Underfull \hbox (badness 10000) in paragraph at lines 571--574
[][] []
 []

<figs/wbb/powheg/d01-x01-y01.pdf, id=79, 337.16966pt x 304.4474pt>
File: figs/wbb/powheg/d01-x01-y01.pdf Graphic file (type pdf)

<use figs/wbb/powheg/d01-x01-y01.pdf>
Package pdftex.def Info: figs/wbb/powheg/d01-x01-y01.pdf used on input line 591
.
(pdftex.def)             Requested size: 219.15768pt x 197.88846pt.

<figs/wbb/powheg/d02-x01-y01.pdf, id=80, 340.01027pt x 304.4474pt>
File: figs/wbb/powheg/d02-x01-y01.pdf Graphic file (type pdf)

<use figs/wbb/powheg/d02-x01-y01.pdf>
Package pdftex.def Info: figs/wbb/powheg/d02-x01-y01.pdf used on input line 600
.
(pdftex.def)             Requested size: 221.00404pt x 197.88846pt.

<figs/wbb/powheg/d02-x02-y01.pdf, id=81, 340.01027pt x 304.4474pt>
File: figs/wbb/powheg/d02-x02-y01.pdf Graphic file (type pdf)

<use figs/wbb/powheg/d02-x02-y01.pdf>
Package pdftex.def Info: figs/wbb/powheg/d02-x02-y01.pdf used on input line 601
.
(pdftex.def)             Requested size: 221.00404pt x 197.88846pt.

<figs/wbb/herwig/atlas-d01-x01-y02.pdf, id=82, 337.16966pt x 304.4474pt>
File: figs/wbb/herwig/atlas-d01-x01-y02.pdf Graphic file (type pdf)

<use figs/wbb/herwig/atlas-d01-x01-y02.pdf>
Package pdftex.def Info: figs/wbb/herwig/atlas-d01-x01-y02.pdf used on input li
ne 619.
(pdftex.def)             Requested size: 219.15768pt x 197.88846pt.

<figs/wbb/herwig/atlas-d02-x01-y02.pdf, id=83, 340.01027pt x 304.4474pt>
File: figs/wbb/herwig/atlas-d02-x01-y02.pdf Graphic file (type pdf)

<use figs/wbb/herwig/atlas-d02-x01-y02.pdf>
Package pdftex.def Info: figs/wbb/herwig/atlas-d02-x01-y02.pdf used on input li
ne 628.
(pdftex.def)             Requested size: 221.00404pt x 197.88846pt.

<figs/wbb/herwig/atlas-d02-x02-y02.pdf, id=84, 340.01027pt x 304.4474pt>
File: figs/wbb/herwig/atlas-d02-x02-y02.pdf Graphic file (type pdf)

<use figs/wbb/herwig/atlas-d02-x02-y02.pdf>
Package pdftex.def Info: figs/wbb/herwig/atlas-d02-x02-y02.pdf used on input li
ne 629.
(pdftex.def)             Requested size: 221.00404pt x 197.88846pt.

<figs/wbb/sherpa/subtracted_h7_s22-1jet.pdf, id=85, 340.01027pt x 304.4474pt>
File: figs/wbb/sherpa/subtracted_h7_s22-1jet.pdf Graphic file (type pdf)

<use figs/wbb/sherpa/subtracted_h7_s22-1jet.pdf>
Package pdftex.def Info: figs/wbb/sherpa/subtracted_h7_s22-1jet.pdf used on inp
ut line 642.
(pdftex.def)             Requested size: 221.00404pt x 197.88846pt.

<figs/wbb/sherpa/subtracted_h7_s22-2jet.pdf, id=86, 340.01027pt x 304.4474pt>
File: figs/wbb/sherpa/subtracted_h7_s22-2jet.pdf Graphic file (type pdf)

<use figs/wbb/sherpa/subtracted_h7_s22-2jet.pdf>
Package pdftex.def Info: figs/wbb/sherpa/subtracted_h7_s22-2jet.pdf used on inp
ut line 643.
(pdftex.def)             Requested size: 221.00404pt x 197.88846pt.
 [5] [6 <./figs/zbb/sherpa/d03-x01-y01.pdf> <./figs/zbb/sherpa/d23-x01-y01.pdf>
 <./figs/zbb/sherpa/d15-x01-y01.pdf> <./figs/zbb/sherpa/d25-x01-y01.pdf> <./fig
s/zbb/sherpa/d01-x01-y01.pdf> <./figs/zbb/sherpa/d02-x01-y01.pdf>] [7 <./figs/z
bb/sherpa/d03-x01-y01_rescaled.pdf> <./figs/zbb/sherpa/d05-x01-y01_rescaled.pdf
> <./figs/zbb/sherpa/d07-x01-y01_rescaled.pdf> <./figs/zbb/sherpa/d11-x01-y01_r
escaled.pdf> <./figs/zbb/sherpa/d13-x01-y01_rescaled.pdf>] [8 <./figs/zbb/herwi
gzbb/atlas-d03-x01-y01.pdf> <./figs/zbb/herwigzbb/atlas-d23-x01-y01.pdf> <./fig
s/zbb/herwigzbb/atlas-d15-x01-y01.pdf> <./figs/zbb/herwigzbb/atlas-d25-x01-y01.
pdf> <./figs/zbb/herwigzbb/cms-d01-x01-y01.pdf> <./figs/zbb/herwigzbb/cms-d02-x
01-y01.pdf>] [9 <./figs/zbb/herwigzbb/atlas-d05-x01-y01.pdf> <./figs/zbb/herwig
zbb/atlas-d07-x01-y01.pdf> <./figs/zbb/herwigzbb/atlas-d11-x01-y01.pdf> <./figs
/zbb/herwigzbb/atlas-d13-x01-y01.pdf>] [10 <./figs/zbb/herwigzbb/cms-d03-x01-y0
1.pdf> <./figs/zbb/herwigzbb/cms-d04-x01-y01.pdf> <./figs/zbb/herwigzbb/cms-d09
-x01-y01.pdf>] [11 <./figs/zbb/herwigzb/atlas-d03-x01-y01.pdf> <./figs/zbb/herw
igzb/atlas-d23-x01-y01.pdf> <./figs/zbb/herwigzb/atlas-d15-x01-y01.pdf> <./figs
/zbb/herwigzb/atlas-d25-x01-y01.pdf> <./figs/zbb/herwigzb/cms-d01-x01-y01.pdf> 
<./figs/zbb/herwigzb/cms-d02-x01-y01.pdf>] [12 <./figs/zbb/herwigzb/atlas-d05-x
01-y01.pdf> <./figs/zbb/herwigzb/atlas-d07-x01-y01.pdf> <./figs/zbb/herwigzb/at
las-d11-x01-y01.pdf> <./figs/zbb/herwigzb/atlas-d13-x01-y01.pdf>] [13 <./figs/z
bb/herwigzb/cms-d03-x01-y01.pdf> <./figs/zbb/herwigzb/cms-d04-x01-y01.pdf> <./f
igs/zbb/herwigzb/cms-d09-x01-y01.pdf>] [14 <./figs/zbb/herwig4F/atlas-d03-x01-y
01.pdf> <./figs/zbb/herwig4F/atlas-d23-x01-y01.pdf> <./figs/zbb/herwig4F/atlas-
d15-x01-y01.pdf> <./figs/zbb/herwig4F/atlas-d25-x01-y01.pdf> <./figs/zbb/herwig
4F/cms-d01-x01-y01.pdf> <./figs/zbb/herwig4F/cms-d02-x01-y01.pdf>] [15 <./figs/
zbb/herwig4F/atlas-d05-x01-y01.pdf> <./figs/zbb/herwig4F/atlas-d07-x01-y01.pdf>
 <./figs/zbb/herwig4F/atlas-d11-x01-y01.pdf> <./figs/zbb/herwig4F/atlas-d13-x01
-y01.pdf>] [16 <./figs/zbb/herwig4F/cms-d03-x01-y01.pdf> <./figs/zbb/herwig4F/c
ms-d04-x01-y01.pdf> <./figs/zbb/herwig4F/cms-d09-x01-y01.pdf> <./figs/wbb/powhe
g/d01-x01-y01.pdf>] [17 <./figs/wbb/powheg/d02-x01-y01.pdf> <./figs/wbb/powheg/
d02-x02-y01.pdf> <./figs/wbb/herwig/atlas-d01-x01-y02.pdf>] [18 <./figs/wbb/her
wig/atlas-d02-x01-y02.pdf> <./figs/wbb/herwig/atlas-d02-x02-y02.pdf> <./figs/wb
b/sherpa/subtracted_h7_s22-1jet.pdf> <./figs/wbb/sherpa/subtracted_h7_s22-2jet.
pdf>] (./vbb.bbl
Missing character: There is no Ã in font ptmr7t!
Missing character: There is no ƒ in font ptmr7t!
Missing character: There is no Â in font ptmr7t!
Missing character: There is no ¶ in font ptmr7t!
Missing character: There is no Ã in font ptmr7t!
Missing character: There is no ƒ in font ptmr7t!
Missing character: There is no Â in font ptmr7t!
Missing character: There is no ¶ in font ptmr7t!
Missing character: There is no Ã in font ptmr7t!
Missing character: There is no ¤ in font ptmr7t!
 [19

]) [20]
(./vbb.aux) ) 
Here is how much of TeX's memory you used:
 2138 strings out of 495007
 37417 string characters out of 3179691
 96011 words of memory out of 3000000
 5262 multiletter control sequences out of 15000+200000
 19655 words of font info for 44 fonts, out of 3000000 for 9000
 14 hyphenation exceptions out of 8191
 36i,8n,24p,549b,278s stack positions out of 5000i,500n,10000p,200000b,50000s
{/usr/share/texlive/texmf-dist/fonts/enc/dvips/base/8r.enc}</usr/s
hare/texlive/texmf-dist/fonts/type1/public/amsfonts/cm/cmmi10.pfb></usr/share/t
exlive/texmf-dist/fonts/type1/public/amsfonts/cm/cmmi6.pfb></usr/share/texlive/
texmf-dist/fonts/type1/public/amsfonts/cm/cmmi8.pfb></usr/share/texlive/texmf-d
ist/fonts/type1/public/amsfonts/cm/cmmi9.pfb></usr/share/texlive/texmf-dist/fon
ts/type1/public/amsfonts/cm/cmr10.pfb></usr/share/texlive/texmf-dist/fonts/type
1/public/amsfonts/cm/cmr6.pfb></usr/share/texlive/texmf-dist/fonts/type1/public
/amsfonts/cm/cmr8.pfb></usr/share/texlive/texmf-dist/fonts/type1/public/amsfont
s/cm/cmr9.pfb></usr/share/texlive/texmf-dist/fonts/type1/public/amsfonts/cm/cms
y10.pfb></usr/share/texlive/texmf-dist/fonts/type1/public/amsfonts/cm/cmsy8.pfb
></usr/share/texlive/texmf-dist/fonts/type1/public/mathpazo/fplmr.pfb></usr/sha
re/texlive/texmf-dist/fonts/type1/public/mathpazo/fplmri.pfb></usr/share/texliv
e/texmf-dist/fonts/type1/public/fpl/fplrc8a.pfb></usr/share/texlive/texmf-dist/
fonts/type1/urw/courier/ucrr8a.pfb></usr/share/texlive/texmf-dist/fonts/type1/u
rw/palatino/uplr8a.pfb></usr/share/texlive/texmf-dist/fonts/type1/urw/palatino/
uplri8a.pfb></usr/share/texlive/texmf-dist/fonts/type1/urw/times/utmb8a.pfb></u
sr/share/texlive/texmf-dist/fonts/type1/urw/times/utmr8a.pfb></usr/share/texliv
e/texmf-dist/fonts/type1/urw/times/utmri8a.pfb>
Output written on vbb.pdf (20 pages, 691103 bytes).
PDF statistics:
 1431 PDF objects out of 1440 (max. 8388607)
 1200 compressed objects within 12 object streams
 0 named destinations out of 1000 (max. 500000)
 291 words of extra memory for PDF output out of 10000 (max. 10000000)

